This file contains any messages produced by compilers while
running configure, to aid debugging if configure makes a mistake.

It was created by harmonator configure 1.0, which was
generated by GNU Autoconf 2.67.  Invocation command line was

  $ ./configure --no-create --no-recursion

## --------- ##
## Platform. ##
## --------- ##

hostname = localhost
uname -m = i686
uname -r = 2.6.26-2-686
uname -s = Linux
uname -v = #1 SMP Mon Aug 30 07:01:57 UTC 2010

/usr/bin/uname -p = unknown
/bin/uname -X     = unknown

/bin/arch              = unknown
/usr/bin/arch -k       = unknown
/usr/convex/getsysinfo = unknown
/usr/bin/hostinfo      = unknown
/bin/machine           = unknown
/usr/bin/oslevel       = unknown
/bin/universe          = unknown

PATH: /usr/local/bin
PATH: /usr/bin
PATH: /bin
PATH: /usr/games


## ----------- ##
## Core tests. ##
## ----------- ##

configure:2217: checking for a BSD-compatible install
configure:2285: result: /usr/bin/install -c
configure:2296: checking whether build environment is sane
configure:2346: result: yes
configure:2487: checking for a thread-safe mkdir -p
configure:2526: result: /bin/mkdir -p
configure:2539: checking for gawk
configure:2555: found /usr/bin/gawk
configure:2566: result: gawk
configure:2577: checking whether make sets $(MAKE)
configure:2599: result: yes
configure:2747: checking for g++
configure:2763: found /usr/bin/g++
configure:2774: result: g++
configure:2801: checking for C++ compiler version
configure:2810: g++ --version >&5
g++ (Debian 4.3.5-4) 4.3.5
Copyright (C) 2008 Free Software Foundation, Inc.
This is free software; see the source for copying conditions.  There is NO
warranty; not even for MERCHANTABILITY or FITNESS FOR A PARTICULAR PURPOSE.

configure:2821: $? = 0
configure:2810: g++ -v >&5
Using built-in specs.
Target: i486-linux-gnu
Configured with: ../src/configure -v --with-pkgversion='Debian 4.3.5-4' --with-bugurl=file:///usr/share/doc/gcc-4.3/README.Bugs --enable-languages=c,c++,fortran,objc,obj-c++ --prefix=/usr --enable-shared --enable-multiarch --enable-linker-build-id --with-system-zlib --libexecdir=/usr/lib --without-included-gettext --enable-threads=posix --enable-nls --with-gxx-include-dir=/usr/include/c++/4.3 --program-suffix=-4.3 --enable-clocale=gnu --enable-libstdcxx-debug --enable-objc-gc --enable-mpfr --enable-targets=all --with-tune=generic --enable-checking=release --build=i486-linux-gnu --host=i486-linux-gnu --target=i486-linux-gnu
Thread model: posix
gcc version 4.3.5 (Debian 4.3.5-4) 
configure:2821: $? = 0
configure:2810: g++ -V >&5
g++: '-V' option must have argument
configure:2821: $? = 1
configure:2810: g++ -qversion >&5
g++: unrecognized option '-qversion'
g++: no input files
configure:2821: $? = 1
configure:2841: checking whether the C++ compiler works
configure:2863: g++    conftest.cpp  >&5
configure:2867: $? = 0
configure:2915: result: yes
configure:2918: checking for C++ compiler default output file name
configure:2920: result: a.out
configure:2926: checking for suffix of executables
configure:2933: g++ -o conftest    conftest.cpp  >&5
configure:2937: $? = 0
configure:2959: result: 
configure:2981: checking whether we are cross compiling
configure:2989: g++ -o conftest    conftest.cpp  >&5
configure:2993: $? = 0
configure:3000: ./conftest
configure:3004: $? = 0
configure:3019: result: no
configure:3024: checking for suffix of object files
configure:3046: g++ -c   conftest.cpp >&5
configure:3050: $? = 0
configure:3071: result: o
configure:3075: checking whether we are using the GNU C++ compiler
configure:3094: g++ -c   conftest.cpp >&5
configure:3094: $? = 0
configure:3103: result: yes
configure:3112: checking whether g++ accepts -g
configure:3132: g++ -c -g  conftest.cpp >&5
configure:3132: $? = 0
configure:3173: result: yes
configure:3207: checking for style of include used by make
configure:3235: result: GNU
configure:3260: checking dependency style of g++
configure:3370: result: gcc3
configure:3439: checking Checking for presence of usable Fltk system.
configure:3458: Fltk installed
configure:3462: checking Checking for Fltk's gui compiler.
configure:3468: checking for fluid
configure:3486: found /usr/local/bin/fluid
configure:3498: result: /usr/local/bin/fluid
configure:3508: =========== Checking library versions =============
configure:3701: checking how to run the C++ preprocessor
configure:3728: g++ -E  conftest.cpp
configure:3728: $? = 0
configure:3742: g++ -E  conftest.cpp
conftest.cpp:11:28: error: ac_nonexistent.h: No such file or directory
configure:3742: $? = 1
configure: failed program was:
| /* confdefs.h */
| #define PACKAGE_NAME "harmonator"
| #define PACKAGE_TARNAME "harmonator"
| #define PACKAGE_VERSION "1.0"
| #define PACKAGE_STRING "harmonator 1.0"
| #define PACKAGE_BUGREPORT "david.mcclanahan@gmail.com"
| #define PACKAGE_URL ""
| #define PACKAGE "harmonator"
| #define VERSION "1.0"
| /* end confdefs.h.  */
| #include <ac_nonexistent.h>
configure:3767: result: g++ -E
configure:3787: g++ -E  conftest.cpp
configure:3787: $? = 0
configure:3801: g++ -E  conftest.cpp
conftest.cpp:11:28: error: ac_nonexistent.h: No such file or directory
configure:3801: $? = 1
configure: failed program was:
| /* confdefs.h */
| #define PACKAGE_NAME "harmonator"
| #define PACKAGE_TARNAME "harmonator"
| #define PACKAGE_VERSION "1.0"
| #define PACKAGE_STRING "harmonator 1.0"
| #define PACKAGE_BUGREPORT "david.mcclanahan@gmail.com"
| #define PACKAGE_URL ""
| #define PACKAGE "harmonator"
| #define VERSION "1.0"
| /* end confdefs.h.  */
| #include <ac_nonexistent.h>
configure:3830: checking for grep that handles long lines and -e
configure:3888: result: /bin/grep
configure:3893: checking for egrep
configure:3955: result: /bin/grep -E
configure:3960: checking for ANSI C header files
configure:3980: g++ -c -g -O2  conftest.cpp >&5
configure:3980: $? = 0
configure:4053: g++ -o conftest -g -O2   conftest.cpp  >&5
configure:4053: $? = 0
configure:4053: ./conftest
configure:4053: $? = 0
configure:4064: result: yes
configure:4077: checking for sys/types.h
configure:4077: g++ -c -g -O2  conftest.cpp >&5
configure:4077: $? = 0
configure:4077: result: yes
configure:4077: checking for sys/stat.h
configure:4077: g++ -c -g -O2  conftest.cpp >&5
configure:4077: $? = 0
configure:4077: result: yes
configure:4077: checking for stdlib.h
configure:4077: g++ -c -g -O2  conftest.cpp >&5
configure:4077: $? = 0
configure:4077: result: yes
configure:4077: checking for string.h
configure:4077: g++ -c -g -O2  conftest.cpp >&5
configure:4077: $? = 0
configure:4077: result: yes
configure:4077: checking for memory.h
configure:4077: g++ -c -g -O2  conftest.cpp >&5
configure:4077: $? = 0
configure:4077: result: yes
configure:4077: checking for strings.h
configure:4077: g++ -c -g -O2  conftest.cpp >&5
configure:4077: $? = 0
configure:4077: result: yes
configure:4077: checking for inttypes.h
configure:4077: g++ -c -g -O2  conftest.cpp >&5
configure:4077: $? = 0
configure:4077: result: yes
configure:4077: checking for stdint.h
configure:4077: g++ -c -g -O2  conftest.cpp >&5
configure:4077: $? = 0
configure:4077: result: yes
configure:4077: checking for unistd.h
configure:4077: g++ -c -g -O2  conftest.cpp >&5
configure:4077: $? = 0
configure:4077: result: yes
configure:4092: checking fcntl.h usability
configure:4092: g++ -c -g -O2  conftest.cpp >&5
configure:4092: $? = 0
configure:4092: result: yes
configure:4092: checking fcntl.h presence
configure:4092: g++ -E  conftest.cpp
configure:4092: $? = 0
configure:4092: result: yes
configure:4092: checking for fcntl.h
configure:4092: result: yes
configure:4092: checking for stdlib.h
configure:4092: result: yes
configure:4092: checking for string.h
configure:4092: result: yes
configure:4092: checking sys/time.h usability
configure:4092: g++ -c -g -O2  conftest.cpp >&5
configure:4092: $? = 0
configure:4092: result: yes
configure:4092: checking sys/time.h presence
configure:4092: g++ -E  conftest.cpp
configure:4092: $? = 0
configure:4092: result: yes
configure:4092: checking for sys/time.h
configure:4092: result: yes
configure:4092: checking for unistd.h
configure:4092: result: yes
configure:4104: checking for stdbool.h that conforms to C99
configure:4189: g++ -c -g -O2  conftest.cpp >&5
configure:4189: $? = 0
configure:4196: result: yes
configure:4198: checking for _Bool
configure:4198: g++ -c -g -O2  conftest.cpp >&5
conftest.cpp: In function 'int main()':
conftest.cpp:62: error: '_Bool' was not declared in this scope
configure:4198: $? = 1
configure: failed program was:
| /* confdefs.h */
| #define PACKAGE_NAME "harmonator"
| #define PACKAGE_TARNAME "harmonator"
| #define PACKAGE_VERSION "1.0"
| #define PACKAGE_STRING "harmonator 1.0"
| #define PACKAGE_BUGREPORT "david.mcclanahan@gmail.com"
| #define PACKAGE_URL ""
| #define PACKAGE "harmonator"
| #define VERSION "1.0"
| #define STDC_HEADERS 1
| #define HAVE_SYS_TYPES_H 1
| #define HAVE_SYS_STAT_H 1
| #define HAVE_STDLIB_H 1
| #define HAVE_STRING_H 1
| #define HAVE_MEMORY_H 1
| #define HAVE_STRINGS_H 1
| #define HAVE_INTTYPES_H 1
| #define HAVE_STDINT_H 1
| #define HAVE_UNISTD_H 1
| #define HAVE_FCNTL_H 1
| #define HAVE_STDLIB_H 1
| #define HAVE_STRING_H 1
| #define HAVE_SYS_TIME_H 1
| #define HAVE_UNISTD_H 1
| /* end confdefs.h.  */
| #include <stdio.h>
| #ifdef HAVE_SYS_TYPES_H
| # include <sys/types.h>
| #endif
| #ifdef HAVE_SYS_STAT_H
| # include <sys/stat.h>
| #endif
| #ifdef STDC_HEADERS
| # include <stdlib.h>
| # include <stddef.h>
| #else
| # ifdef HAVE_STDLIB_H
| #  include <stdlib.h>
| # endif
| #endif
| #ifdef HAVE_STRING_H
| # if !defined STDC_HEADERS && defined HAVE_MEMORY_H
| #  include <memory.h>
| # endif
| # include <string.h>
| #endif
| #ifdef HAVE_STRINGS_H
| # include <strings.h>
| #endif
| #ifdef HAVE_INTTYPES_H
| # include <inttypes.h>
| #endif
| #ifdef HAVE_STDINT_H
| # include <stdint.h>
| #endif
| #ifdef HAVE_UNISTD_H
| # include <unistd.h>
| #endif
| int
| main ()
| {
| if (sizeof (_Bool))
| 	 return 0;
|   ;
|   return 0;
| }
configure:4198: result: no
configure:4218: checking for working alloca.h
configure:4235: g++ -o conftest -g -O2   conftest.cpp  >&5
configure:4235: $? = 0
configure:4243: result: yes
configure:4251: checking for alloca
configure:4288: g++ -o conftest -g -O2   conftest.cpp  >&5
configure:4288: $? = 0
configure:4296: result: yes
configure:4408: checking for gettimeofday
configure:4408: g++ -o conftest -g -O2   conftest.cpp  >&5
configure:4408: $? = 0
configure:4408: result: yes
configure:4408: checking for memset
configure:4408: g++ -o conftest -g -O2   conftest.cpp  >&5
configure:4408: $? = 0
configure:4408: result: yes
configure:4408: checking for strcasecmp
configure:4408: g++ -o conftest -g -O2   conftest.cpp  >&5
configure:4408: $? = 0
configure:4408: result: yes
configure:4408: checking for strchr
configure:4408: g++ -o conftest -g -O2   conftest.cpp  >&5
configure:4408: $? = 0
configure:4408: result: yes
configure:4408: checking for strdup
configure:4408: g++ -o conftest -g -O2   conftest.cpp  >&5
configure:4408: $? = 0
configure:4408: result: yes
configure:4408: checking for strerror
configure:4408: g++ -o conftest -g -O2   conftest.cpp  >&5
configure:4408: $? = 0
configure:4408: result: yes
configure:4408: checking for strpbrk
configure:4408: g++ -o conftest -g -O2   conftest.cpp  >&5
configure:4408: $? = 0
configure:4408: result: yes
configure:4408: checking for strstr
configure:4408: g++ -o conftest -g -O2   conftest.cpp  >&5
configure:4408: $? = 0
configure:4408: result: yes
configure:4434: ======== Check Inclusions for 'harmonator' source ========
configure:4436: checking vector usability
configure:4436: g++ -c -g -O2  conftest.cpp >&5
configure:4436: $? = 0
configure:4436: result: yes
configure:4436: checking vector presence
configure:4436: g++ -E  conftest.cpp
configure:4436: $? = 0
configure:4436: result: yes
configure:4436: checking for vector
configure:4436: result: yes
configure:4444: checking alsa/asoundlib.h usability
configure:4444: g++ -c -g -O2  conftest.cpp >&5
configure:4444: $? = 0
configure:4444: result: yes
configure:4444: checking alsa/asoundlib.h presence
configure:4444: g++ -E  conftest.cpp
configure:4444: $? = 0
configure:4444: result: yes
configure:4444: checking for alsa/asoundlib.h
configure:4444: result: yes
configure:4452: checking time.h usability
configure:4452: g++ -c -g -O2  conftest.cpp >&5
configure:4452: $? = 0
configure:4452: result: yes
configure:4452: checking time.h presence
configure:4452: g++ -E  conftest.cpp
configure:4452: $? = 0
configure:4452: result: yes
configure:4452: checking for time.h
configure:4452: result: yes
configure:4460: checking iostream usability
configure:4460: g++ -c -g -O2  conftest.cpp >&5
configure:4460: $? = 0
configure:4460: result: yes
configure:4460: checking iostream presence
configure:4460: g++ -E  conftest.cpp
configure:4460: $? = 0
configure:4460: result: yes
configure:4460: checking for iostream
configure:4460: result: yes
configure:4468: checking iterator usability
configure:4468: g++ -c -g -O2  conftest.cpp >&5
configure:4468: $? = 0
configure:4468: result: yes
configure:4468: checking iterator presence
configure:4468: g++ -E  conftest.cpp
configure:4468: $? = 0
configure:4468: result: yes
configure:4468: checking for iterator
configure:4468: result: yes
configure:4476: checking set usability
configure:4476: g++ -c -g -O2  conftest.cpp >&5
configure:4476: $? = 0
configure:4476: result: yes
configure:4476: checking set presence
configure:4476: g++ -E  conftest.cpp
configure:4476: $? = 0
configure:4476: result: yes
configure:4476: checking for set
configure:4476: result: yes
configure:4484: checking map usability
configure:4484: g++ -c -g -O2  conftest.cpp >&5
configure:4484: $? = 0
configure:4484: result: yes
configure:4484: checking map presence
configure:4484: g++ -E  conftest.cpp
configure:4484: $? = 0
configure:4484: result: yes
configure:4484: checking for map
configure:4484: result: yes
configure:4492: checking numeric usability
configure:4492: g++ -c -g -O2  conftest.cpp >&5
configure:4492: $? = 0
configure:4492: result: yes
configure:4492: checking numeric presence
configure:4492: g++ -E  conftest.cpp
configure:4492: $? = 0
configure:4492: result: yes
configure:4492: checking for numeric
configure:4492: result: yes
configure:4500: checking algorithm usability
configure:4500: g++ -c -g -O2  conftest.cpp >&5
configure:4500: $? = 0
configure:4500: result: yes
configure:4500: checking algorithm presence
configure:4500: g++ -E  conftest.cpp
configure:4500: $? = 0
configure:4500: result: yes
configure:4500: checking for algorithm
configure:4500: result: yes
configure:4509: ======== Check Inclusions for 'music_clock' source ========
configure:4511: checking string usability
configure:4511: g++ -c -g -O2  conftest.cpp >&5
configure:4511: $? = 0
configure:4511: result: yes
configure:4511: checking string presence
configure:4511: g++ -E  conftest.cpp
configure:4511: $? = 0
configure:4511: result: yes
configure:4511: checking for string
configure:4511: result: yes
configure:4519: checking cstdlib usability
configure:4519: g++ -c -g -O2  conftest.cpp >&5
configure:4519: $? = 0
configure:4519: result: yes
configure:4519: checking cstdlib presence
configure:4519: g++ -E  conftest.cpp
configure:4519: $? = 0
configure:4519: result: yes
configure:4519: checking for cstdlib
configure:4519: result: yes
configure:4527: checking sstream usability
configure:4527: g++ -c -g -O2  conftest.cpp >&5
configure:4527: $? = 0
configure:4527: result: yes
configure:4527: checking sstream presence
configure:4527: g++ -E  conftest.cpp
configure:4527: $? = 0
configure:4527: result: yes
configure:4527: checking for sstream
configure:4527: result: yes
configure:4535: checking for iostream
configure:4535: result: yes
configure:4543: checking iomanip usability
configure:4543: g++ -c -g -O2  conftest.cpp >&5
configure:4543: $? = 0
configure:4543: result: yes
configure:4543: checking iomanip presence
configure:4543: g++ -E  conftest.cpp
configure:4543: $? = 0
configure:4543: result: yes
configure:4543: checking for iomanip
configure:4543: result: yes
configure:4551: checking cassert usability
configure:4551: g++ -c -g -O2  conftest.cpp >&5
configure:4551: $? = 0
configure:4551: result: yes
configure:4551: checking cassert presence
configure:4551: g++ -E  conftest.cpp
configure:4551: $? = 0
configure:4551: result: yes
configure:4551: checking for cassert
configure:4551: result: yes
configure:4564: ======== Check Inclusions for 'harmonator_ui.cxx' source ========
configure:4570: checking assert.h usability
configure:4570: g++ -c -g -O2  conftest.cpp >&5
configure:4570: $? = 0
configure:4570: result: yes
configure:4570: checking assert.h presence
configure:4570: g++ -E  conftest.cpp
configure:4570: $? = 0
configure:4570: result: yes
configure:4570: checking for assert.h
configure:4570: result: yes
configure:4570: checking search.h usability
configure:4570: g++ -c -g -O2  conftest.cpp >&5
configure:4570: $? = 0
configure:4570: result: yes
configure:4570: checking search.h presence
configure:4570: g++ -E  conftest.cpp
configure:4570: $? = 0
configure:4570: result: yes
configure:4570: checking for search.h
configure:4570: result: yes
configure:4581: ======== Check Inclusions for 'harmonator_ui.h' source ========
configure:4587: checking FL/Fl.H usability
configure:4587: g++ -c -g -O2  conftest.cpp >&5
configure:4587: $? = 0
configure:4587: result: yes
configure:4587: checking FL/Fl.H presence
configure:4587: g++ -E  conftest.cpp
configure:4587: $? = 0
configure:4587: result: yes
configure:4587: checking for FL/Fl.H
configure:4587: result: yes
configure:4587: checking for vector
configure:4587: result: yes
configure:4587: checking for string
configure:4587: result: yes
configure:4587: checking FL/Fl_Text_Display.H usability
configure:4587: g++ -c -g -O2  conftest.cpp >&5
configure:4587: $? = 0
configure:4587: result: yes
configure:4587: checking FL/Fl_Text_Display.H presence
configure:4587: g++ -E  conftest.cpp
configure:4587: $? = 0
configure:4587: result: yes
configure:4587: checking for FL/Fl_Text_Display.H
configure:4587: result: yes
configure:4587: checking for alsa/asoundlib.h
configure:4587: result: yes
configure:4587: checking FL/names.h usability
configure:4587: g++ -c -g -O2  conftest.cpp >&5
configure:4587: $? = 0
configure:4587: result: yes
configure:4587: checking FL/names.h presence
configure:4587: g++ -E  conftest.cpp
configure:4587: $? = 0
configure:4587: result: yes
configure:4587: checking for FL/names.h
configure:4587: result: yes
configure:4587: checking FL/Fl_File_Chooser.H usability
configure:4587: g++ -c -g -O2  conftest.cpp >&5
configure:4587: $? = 0
configure:4587: result: yes
configure:4587: checking FL/Fl_File_Chooser.H presence
configure:4587: g++ -E  conftest.cpp
configure:4587: $? = 0
configure:4587: result: yes
configure:4587: checking for FL/Fl_File_Chooser.H
configure:4587: result: yes
configure:4587: checking FL/Fl_Window.H usability
configure:4587: g++ -c -g -O2  conftest.cpp >&5
configure:4587: $? = 0
configure:4587: result: yes
configure:4587: checking FL/Fl_Window.H presence
configure:4587: g++ -E  conftest.cpp
configure:4587: $? = 0
configure:4587: result: yes
configure:4587: checking for FL/Fl_Window.H
configure:4587: result: yes
configure:4587: checking FL/Fl_Menu_Bar.H usability
configure:4587: g++ -c -g -O2  conftest.cpp >&5
configure:4587: $? = 0
configure:4587: result: yes
configure:4587: checking FL/Fl_Menu_Bar.H presence
configure:4587: g++ -E  conftest.cpp
configure:4587: $? = 0
configure:4587: result: yes
configure:4587: checking for FL/Fl_Menu_Bar.H
configure:4587: result: yes
configure:4587: checking FL/Fl_Group.H usability
configure:4587: g++ -c -g -O2  conftest.cpp >&5
configure:4587: $? = 0
configure:4587: result: yes
configure:4587: checking FL/Fl_Group.H presence
configure:4587: g++ -E  conftest.cpp
configure:4587: $? = 0
configure:4587: result: yes
configure:4587: checking for FL/Fl_Group.H
configure:4587: result: yes
configure:4587: checking FL/Fl_Input.H usability
configure:4587: g++ -c -g -O2  conftest.cpp >&5
configure:4587: $? = 0
configure:4587: result: yes
configure:4587: checking FL/Fl_Input.H presence
configure:4587: g++ -E  conftest.cpp
configure:4587: $? = 0
configure:4587: result: yes
configure:4587: checking for FL/Fl_Input.H
configure:4587: result: yes
configure:4587: checking FL/Fl_Output.H usability
configure:4587: g++ -c -g -O2  conftest.cpp >&5
configure:4587: $? = 0
configure:4587: result: yes
configure:4587: checking FL/Fl_Output.H presence
configure:4587: g++ -E  conftest.cpp
configure:4587: $? = 0
configure:4587: result: yes
configure:4587: checking for FL/Fl_Output.H
configure:4587: result: yes
configure:4587: checking FL/Fl_Button.H usability
configure:4587: g++ -c -g -O2  conftest.cpp >&5
configure:4587: $? = 0
configure:4587: result: yes
configure:4587: checking FL/Fl_Button.H presence
configure:4587: g++ -E  conftest.cpp
configure:4587: $? = 0
configure:4587: result: yes
configure:4587: checking for FL/Fl_Button.H
configure:4587: result: yes
configure:4587: checking FL/Fl_Round_Button.H usability
configure:4587: g++ -c -g -O2  conftest.cpp >&5
configure:4587: $? = 0
configure:4587: result: yes
configure:4587: checking FL/Fl_Round_Button.H presence
configure:4587: g++ -E  conftest.cpp
configure:4587: $? = 0
configure:4587: result: yes
configure:4587: checking for FL/Fl_Round_Button.H
configure:4587: result: yes
configure:4587: checking FL/Fl_Light_Button.H usability
configure:4587: g++ -c -g -O2  conftest.cpp >&5
configure:4587: $? = 0
configure:4587: result: yes
configure:4587: checking FL/Fl_Light_Button.H presence
configure:4587: g++ -E  conftest.cpp
configure:4587: $? = 0
configure:4587: result: yes
configure:4587: checking for FL/Fl_Light_Button.H
configure:4587: result: yes
configure:4587: checking FL/Fl_Spinner.H usability
configure:4587: g++ -c -g -O2  conftest.cpp >&5
configure:4587: $? = 0
configure:4587: result: yes
configure:4587: checking FL/Fl_Spinner.H presence
configure:4587: g++ -E  conftest.cpp
configure:4587: $? = 0
configure:4587: result: yes
configure:4587: checking for FL/Fl_Spinner.H
configure:4587: result: yes
configure:4587: checking FL/Fl_Box.H usability
configure:4587: g++ -c -g -O2  conftest.cpp >&5
configure:4587: $? = 0
configure:4587: result: yes
configure:4587: checking FL/Fl_Box.H presence
configure:4587: g++ -E  conftest.cpp
configure:4587: $? = 0
configure:4587: result: yes
configure:4587: checking for FL/Fl_Box.H
configure:4587: result: yes
configure:4587: checking for FL/Fl_Text_Display.H
configure:4587: result: yes
configure:4736: creating ./config.status

## ---------------- ##
## Cache variables. ##
## ---------------- ##

ac_cv_cxx_compiler_gnu=yes
ac_cv_env_CCC_set=
ac_cv_env_CCC_value=
ac_cv_env_CPPFLAGS_set=
ac_cv_env_CPPFLAGS_value=
ac_cv_env_CXXCPP_set=
ac_cv_env_CXXCPP_value=
ac_cv_env_CXXFLAGS_set=
ac_cv_env_CXXFLAGS_value=
ac_cv_env_CXX_set=
ac_cv_env_CXX_value=
ac_cv_env_FLUID_set=
ac_cv_env_FLUID_value=
ac_cv_env_LDFLAGS_set=
ac_cv_env_LDFLAGS_value=
ac_cv_env_LIBS_set=
ac_cv_env_LIBS_value=
ac_cv_env_build_alias_set=
ac_cv_env_build_alias_value=
ac_cv_env_host_alias_set=
ac_cv_env_host_alias_value=
ac_cv_env_target_alias_set=
ac_cv_env_target_alias_value=
ac_cv_func_alloca_works=yes
ac_cv_func_gettimeofday=yes
ac_cv_func_memset=yes
ac_cv_func_strcasecmp=yes
ac_cv_func_strchr=yes
ac_cv_func_strdup=yes
ac_cv_func_strerror=yes
ac_cv_func_strpbrk=yes
ac_cv_func_strstr=yes
ac_cv_header_FL_Fl_Box_H=yes
ac_cv_header_FL_Fl_Button_H=yes
ac_cv_header_FL_Fl_File_Chooser_H=yes
ac_cv_header_FL_Fl_Group_H=yes
ac_cv_header_FL_Fl_H=yes
ac_cv_header_FL_Fl_Input_H=yes
ac_cv_header_FL_Fl_Light_Button_H=yes
ac_cv_header_FL_Fl_Menu_Bar_H=yes
ac_cv_header_FL_Fl_Output_H=yes
ac_cv_header_FL_Fl_Round_Button_H=yes
ac_cv_header_FL_Fl_Spinner_H=yes
ac_cv_header_FL_Fl_Text_Display_H=yes
ac_cv_header_FL_Fl_Window_H=yes
ac_cv_header_FL_names_h=yes
ac_cv_header_algorithm=yes
ac_cv_header_alsa_asoundlib_h=yes
ac_cv_header_assert_h=yes
ac_cv_header_cassert=yes
ac_cv_header_cstdlib=yes
ac_cv_header_fcntl_h=yes
ac_cv_header_inttypes_h=yes
ac_cv_header_iomanip=yes
ac_cv_header_iostream=yes
ac_cv_header_iterator=yes
ac_cv_header_map=yes
ac_cv_header_memory_h=yes
ac_cv_header_numeric=yes
ac_cv_header_search_h=yes
ac_cv_header_set=yes
ac_cv_header_sstream=yes
ac_cv_header_stdbool_h=yes
ac_cv_header_stdc=yes
ac_cv_header_stdint_h=yes
ac_cv_header_stdlib_h=yes
ac_cv_header_string=yes
ac_cv_header_string_h=yes
ac_cv_header_strings_h=yes
ac_cv_header_sys_stat_h=yes
ac_cv_header_sys_time_h=yes
ac_cv_header_sys_types_h=yes
ac_cv_header_time_h=yes
ac_cv_header_unistd_h=yes
ac_cv_header_vector=yes
ac_cv_objext=o
ac_cv_path_EGREP='/bin/grep -E'
ac_cv_path_FLUID=/usr/local/bin/fluid
ac_cv_path_GREP=/bin/grep
ac_cv_path_install='/usr/bin/install -c'
ac_cv_path_mkdir=/bin/mkdir
ac_cv_prog_AWK=gawk
ac_cv_prog_CXXCPP='g++ -E'
ac_cv_prog_ac_ct_CXX=g++
ac_cv_prog_cxx_g=yes
ac_cv_prog_make_make_set=yes
ac_cv_type__Bool=no
ac_cv_working_alloca_h=yes
am_cv_CXX_dependencies_compiler_type=gcc3

## ----------------- ##
## Output variables. ##
## ----------------- ##

ACLOCAL='${SHELL} /media/disk/harmonator/missing --run aclocal-1.11'
ALLOCA=''
AMDEPBACKSLASH='\'
AMDEP_FALSE='#'
AMDEP_TRUE=''
AMTAR='${SHELL} /media/disk/harmonator/missing --run tar'
AUTOCONF='${SHELL} /media/disk/harmonator/missing --run autoconf'
AUTOHEADER='${SHELL} /media/disk/harmonator/missing --run autoheader'
AUTOMAKE='${SHELL} /media/disk/harmonator/missing --run automake-1.11'
AWK='gawk'
CPPFLAGS='-I/usr/local/include -I/usr/include/freetype2 -D_LARGEFILE_SOURCE -D_LARGEFILE64_SOURCE -D_FILE_OFFSET_BITS=64 -D_THREAD_SAFE -D_REENTRANT -DDATADIR="${datarootdir}"'
CXX='g++'
CXXCPP='g++ -E'
CXXDEPMODE='depmode=gcc3'
CXXFLAGS='-g -O2'
CYGPATH_W='echo'
DEFS='-DHAVE_CONFIG_H'
DEPDIR='.deps'
ECHO_C=''
ECHO_N='-n'
ECHO_T=''
EGREP='/bin/grep -E'
EXEEXT=''
FLUID='/usr/local/bin/fluid'
GREP='/bin/grep'
INSTALL_DATA='${INSTALL} -m 644'
INSTALL_PROGRAM='${INSTALL}'
INSTALL_SCRIPT='${INSTALL}'
INSTALL_STRIP_PROGRAM='$(install_sh) -c -s'
LDFLAGS='-L/usr/local/lib -Wl,-rpath,/usr/local/lib'
LIBOBJS=''
LIBS='-lfltk -lXext -lXft -lfontconfig -lXinerama -lpthread -ldl -lm -lX11 -lasound'
LTLIBOBJS=''
MAKEINFO='${SHELL} /media/disk/harmonator/missing --run makeinfo'
MKDIR_P='/bin/mkdir -p'
OBJEXT='o'
PACKAGE='harmonator'
PACKAGE_BUGREPORT='david.mcclanahan@gmail.com'
PACKAGE_NAME='harmonator'
PACKAGE_STRING='harmonator 1.0'
PACKAGE_TARNAME='harmonator'
PACKAGE_URL=''
PACKAGE_VERSION='1.0'
PATH_SEPARATOR=':'
SET_MAKE=''
SHELL='/bin/sh'
STRIP=''
VERSION='1.0'
ac_ct_CXX='g++'
am__EXEEXT_FALSE=''
am__EXEEXT_TRUE='#'
am__fastdepCXX_FALSE='#'
am__fastdepCXX_TRUE=''
am__include='include'
am__isrc=''
am__leading_dot='.'
am__quote=''
am__tar='${AMTAR} chof - "$$tardir"'
am__untar='${AMTAR} xf -'
bindir='${exec_prefix}/bin'
build_alias=''
datadir='${datarootdir}'
datarootdir='${prefix}/share'
docdir='${datarootdir}/doc/${PACKAGE_TARNAME}'
dvidir='${docdir}'
exec_prefix='${prefix}'
host_alias=''
htmldir='${docdir}'
includedir='${prefix}/include'
infodir='${datarootdir}/info'
install_sh='${SHELL} /media/disk/harmonator/install-sh'
libdir='${exec_prefix}/lib'
libexecdir='${exec_prefix}/libexec'
localedir='${datarootdir}/locale'
localstatedir='${prefix}/var'
mandir='${datarootdir}/man'
mkdir_p='/bin/mkdir -p'
oldincludedir='/usr/include'
pdfdir='${docdir}'
prefix='/usr/local'
program_transform_name='s,x,x,'
psdir='${docdir}'
sbindir='${exec_prefix}/sbin'
sharedstatedir='${prefix}/com'
sysconfdir='${prefix}/etc'
target_alias=''

## ----------- ##
## confdefs.h. ##
## ----------- ##

/* confdefs.h */
#define PACKAGE_NAME "harmonator"
#define PACKAGE_TARNAME "harmonator"
#define PACKAGE_VERSION "1.0"
#define PACKAGE_STRING "harmonator 1.0"
#define PACKAGE_BUGREPORT "david.mcclanahan@gmail.com"
#define PACKAGE_URL ""
#define PACKAGE "harmonator"
#define VERSION "1.0"
#define STDC_HEADERS 1
#define HAVE_SYS_TYPES_H 1
#define HAVE_SYS_STAT_H 1
#define HAVE_STDLIB_H 1
#define HAVE_STRING_H 1
#define HAVE_MEMORY_H 1
#define HAVE_STRINGS_H 1
#define HAVE_INTTYPES_H 1
#define HAVE_STDINT_H 1
#define HAVE_UNISTD_H 1
#define HAVE_FCNTL_H 1
#define HAVE_STDLIB_H 1
#define HAVE_STRING_H 1
#define HAVE_SYS_TIME_H 1
#define HAVE_UNISTD_H 1
#define HAVE_STDBOOL_H 1
#define HAVE_ALLOCA_H 1
#define HAVE_ALLOCA 1
#define HAVE_GETTIMEOFDAY 1
#define HAVE_MEMSET 1
#define HAVE_STRCASECMP 1
#define HAVE_STRCHR 1
#define HAVE_STRDUP 1
#define HAVE_STRERROR 1
#define HAVE_STRPBRK 1
#define HAVE_STRSTR 1

configure: exit 0

## ---------------------- ##
## Running config.status. ##
## ---------------------- ##

This file was extended by harmonator config.status 1.0, which was
generated by GNU Autoconf 2.67.  Invocation command line was

  CONFIG_FILES    = 
  CONFIG_HEADERS  = 
  CONFIG_LINKS    = 
  CONFIG_COMMANDS = 
  $ ./config.status 

on localhost

config.status:875: creating Makefile
config.status:875: creating config.h
config.status:1055: config.h is unchanged
config.status:1103: executing depfiles commands

## ---------------------- ##
## Running config.status. ##
## ---------------------- ##

This file was extended by harmonator config.status 1.0, which was
generated by GNU Autoconf 2.67.  Invocation command line was

  CONFIG_FILES    = 
  CONFIG_HEADERS  = 
  CONFIG_LINKS    = 
  CONFIG_COMMANDS = 
  $ ./config.status Makefile depfiles

on localhost

config.status:875: creating Makefile
config.status:1103: executing depfiles commands

## ---------------------- ##
## Running config.status. ##
## ---------------------- ##

This file was extended by harmonator config.status 1.0, which was
generated by GNU Autoconf 2.67.  Invocation command line was

  CONFIG_FILES    = 
  CONFIG_HEADERS  = 
  CONFIG_LINKS    = 
  CONFIG_COMMANDS = 
  $ ./config.status config.h

on localhost

config.status:875: creating config.h
